12:05:23.626 INFO - Selenium build info: version: '3.7.1', revision: '8a0099a'
12:05:23.628 INFO - Launching a standalone Selenium Server
2017-12-05 12:05:23.686:INFO::main: Logging initialized @625ms to org.seleniumhq.jetty9.util.log.StdErrLog
12:05:23.773 INFO - Driver class not found: com.opera.core.systems.OperaDriver
12:05:23.823 INFO - Driver provider class org.openqa.selenium.ie.InternetExplorerDriver registration is skipped:
 registration capabilities Capabilities {browserName: internet explorer, ensureCleanSession: true, platform: WINDOWS, version: } does not match the current platform MAC
12:05:23.824 INFO - Driver provider class org.openqa.selenium.edge.EdgeDriver registration is skipped:
 registration capabilities Capabilities {browserName: MicrosoftEdge, platform: WINDOWS, version: } does not match the current platform MAC
12:05:23.939 INFO - Using the passthrough mode handler
2017-12-05 12:05:24.006:INFO:osjs.Server:main: jetty-9.4.5.v20170502
2017-12-05 12:05:24.042:WARN:osjs.SecurityHandler:main: ServletContext@o.s.j.s.ServletContextHandler@fa36558{/,null,STARTING} has uncovered http methods for path: /
2017-12-05 12:05:24.050:INFO:osjsh.ContextHandler:main: Started o.s.j.s.ServletContextHandler@fa36558{/,null,AVAILABLE}
2017-12-05 12:05:24.086:INFO:osjs.AbstractConnector:main: Started ServerConnector@2190f3fb{HTTP/1.1,[http/1.1]}{0.0.0.0:4446}
2017-12-05 12:05:24.087:INFO:osjs.Server:main: Started @1026ms
12:05:24.087 INFO - Selenium Server is up and running
2017-12-05 12:05:24.377:INFO:osjshC.ROOT:qtp1579526446-12: org.openqa.selenium.remote.server.WebDriverServlet-6a78afa0: Initialising WebDriverServlet
12:05:24.449 INFO - Found handler: org.openqa.selenium.remote.server.commandhandler.BeginSession@619c0491
12:05:24.455 INFO - /session: Executing POST on /session (handler: BeginSession)
12:05:24.548 INFO - Capabilities are: Capabilities {acceptSslCerts: true, browserName: chrome, javascriptEnabled: true, name: Example Test}
12:05:24.551 INFO - Capabilities {acceptSslCerts: true, browserName: chrome, javascriptEnabled: true, name: Example Test} matched class org.openqa.selenium.remote.server.ServicedSession$Factory (provider: org.openqa.selenium.chrome.ChromeDriverService)
Starting ChromeDriver 2.33.506106 (8a06c39c4582fbfbab6966dbb1c38a9173bfb1a2) on port 17437
Only local connections are allowed.
12:05:26.257 INFO - Detected dialect: OSS
12:05:26.968 INFO - Found handler: org.openqa.selenium.remote.server.ServicedSession@534c54d
12:05:26.969 INFO - Handler thread for session baeabc83b71786fc7f409d4d15b76146 (chrome): Executing POST on /session/baeabc83b71786fc7f409d4d15b76146/url (handler: ServicedSession)
12:05:26.974 INFO - To upstream: {"url":"http://localhost:3000"}
12:05:27.809 INFO - To downstream: {"sessionId":"baeabc83b71786fc7f409d4d15b76146","status":0,"value":null}
12:05:27.817 INFO - Found handler: org.openqa.selenium.remote.server.ServicedSession@534c54d
12:05:27.817 INFO - Handler thread for session baeabc83b71786fc7f409d4d15b76146 (chrome): Executing POST on /session/baeabc83b71786fc7f409d4d15b76146/element (handler: ServicedSession)
12:05:27.821 INFO - To upstream: {"using":"css selector","value":"button[class=home-btn]"}
12:05:27.865 INFO - To downstream: {"sessionId":"baeabc83b71786fc7f409d4d15b76146","status":0,"value":{"ELEMENT":"0.5539667299921422-1"}}
12:05:27.869 INFO - Found handler: org.openqa.selenium.remote.server.ServicedSession@534c54d
12:05:27.870 INFO - Handler thread for session baeabc83b71786fc7f409d4d15b76146 (chrome): Executing POST on /session/baeabc83b71786fc7f409d4d15b76146/element/0.5539667299921422-1/click (handler: ServicedSession)
12:05:27.871 INFO - To upstream: 
12:05:28.048 INFO - To downstream: {"sessionId":"baeabc83b71786fc7f409d4d15b76146","status":0,"value":null}
12:05:28.055 INFO - Found handler: org.openqa.selenium.remote.server.ServicedSession@534c54d
12:05:28.055 INFO - Handler thread for session baeabc83b71786fc7f409d4d15b76146 (chrome): Executing POST on /session/baeabc83b71786fc7f409d4d15b76146/elements (handler: ServicedSession)
12:05:28.057 INFO - To upstream: {"using":"css selector","value":"select[name=loanDropDown]"}
12:05:28.099 INFO - To downstream: {"sessionId":"baeabc83b71786fc7f409d4d15b76146","status":0,"value":[{"ELEMENT":"0.5539667299921422-2"}]}
12:05:28.104 INFO - Found handler: org.openqa.selenium.remote.server.ServicedSession@534c54d
12:05:28.104 INFO - Handler thread for session baeabc83b71786fc7f409d4d15b76146 (chrome): Executing GET on /session/baeabc83b71786fc7f409d4d15b76146/element/0.5539667299921422-2/displayed (handler: ServicedSession)
12:05:28.134 INFO - To downstream: {"sessionId":"baeabc83b71786fc7f409d4d15b76146","status":0,"value":true}
12:05:28.139 INFO - Found handler: org.openqa.selenium.remote.server.ServicedSession@534c54d
12:05:28.139 INFO - Handler thread for session baeabc83b71786fc7f409d4d15b76146 (chrome): Executing POST on /session/baeabc83b71786fc7f409d4d15b76146/element (handler: ServicedSession)
12:05:28.142 INFO - To upstream: {"using":"css selector","value":"option[name=refi]"}
12:05:28.196 INFO - To downstream: {"sessionId":"baeabc83b71786fc7f409d4d15b76146","status":0,"value":{"ELEMENT":"0.5539667299921422-3"}}
12:05:28.199 INFO - Found handler: org.openqa.selenium.remote.server.ServicedSession@534c54d
12:05:28.200 INFO - Handler thread for session baeabc83b71786fc7f409d4d15b76146 (chrome): Executing POST on /session/baeabc83b71786fc7f409d4d15b76146/element/0.5539667299921422-3/click (handler: ServicedSession)
12:05:28.201 INFO - To upstream: 
12:05:28.266 INFO - To downstream: {"sessionId":"baeabc83b71786fc7f409d4d15b76146","status":0,"value":null}
12:05:28.270 INFO - Found handler: org.openqa.selenium.remote.server.ServicedSession@534c54d
12:05:28.271 INFO - Handler thread for session baeabc83b71786fc7f409d4d15b76146 (chrome): Executing POST on /session/baeabc83b71786fc7f409d4d15b76146/element (handler: ServicedSession)
12:05:28.272 INFO - To upstream: {"using":"css selector","value":"option[name=townHome]"}
12:05:28.302 INFO - To downstream: {"sessionId":"baeabc83b71786fc7f409d4d15b76146","status":0,"value":{"ELEMENT":"0.5539667299921422-4"}}
12:05:28.305 INFO - Found handler: org.openqa.selenium.remote.server.ServicedSession@534c54d
12:05:28.306 INFO - Handler thread for session baeabc83b71786fc7f409d4d15b76146 (chrome): Executing POST on /session/baeabc83b71786fc7f409d4d15b76146/element/0.5539667299921422-4/click (handler: ServicedSession)
12:05:28.307 INFO - To upstream: 
12:05:28.364 INFO - To downstream: {"sessionId":"baeabc83b71786fc7f409d4d15b76146","status":0,"value":null}
12:05:28.368 INFO - Found handler: org.openqa.selenium.remote.server.ServicedSession@534c54d
12:05:28.368 INFO - Handler thread for session baeabc83b71786fc7f409d4d15b76146 (chrome): Executing POST on /session/baeabc83b71786fc7f409d4d15b76146/element (handler: ServicedSession)
12:05:28.370 INFO - To upstream: {"using":"css selector","value":"button[name=next]"}
12:05:28.397 INFO - To downstream: {"sessionId":"baeabc83b71786fc7f409d4d15b76146","status":0,"value":{"ELEMENT":"0.5539667299921422-5"}}
12:05:28.401 INFO - Found handler: org.openqa.selenium.remote.server.ServicedSession@534c54d
12:05:28.401 INFO - Handler thread for session baeabc83b71786fc7f409d4d15b76146 (chrome): Executing POST on /session/baeabc83b71786fc7f409d4d15b76146/element/0.5539667299921422-5/click (handler: ServicedSession)
12:05:28.402 INFO - To upstream: 
12:05:28.494 INFO - To downstream: {"sessionId":"baeabc83b71786fc7f409d4d15b76146","status":0,"value":null}
12:05:28.499 INFO - Found handler: org.openqa.selenium.remote.server.ServicedSession@534c54d
12:05:28.499 INFO - Handler thread for session baeabc83b71786fc7f409d4d15b76146 (chrome): Executing POST on /session/baeabc83b71786fc7f409d4d15b76146/elements (handler: ServicedSession)
12:05:28.500 INFO - To upstream: {"using":"css selector","value":"input[name=\"cityName\"]"}
12:05:28.540 INFO - To downstream: {"sessionId":"baeabc83b71786fc7f409d4d15b76146","status":0,"value":[{"ELEMENT":"0.5539667299921422-6"}]}
12:05:28.543 INFO - Found handler: org.openqa.selenium.remote.server.ServicedSession@534c54d
12:05:28.543 INFO - Handler thread for session baeabc83b71786fc7f409d4d15b76146 (chrome): Executing GET on /session/baeabc83b71786fc7f409d4d15b76146/element/0.5539667299921422-6/displayed (handler: ServicedSession)
12:05:28.573 INFO - To downstream: {"sessionId":"baeabc83b71786fc7f409d4d15b76146","status":0,"value":true}
12:05:28.576 INFO - Found handler: org.openqa.selenium.remote.server.ServicedSession@534c54d
12:05:28.577 INFO - Handler thread for session baeabc83b71786fc7f409d4d15b76146 (chrome): Executing POST on /session/baeabc83b71786fc7f409d4d15b76146/element (handler: ServicedSession)
12:05:28.579 INFO - To upstream: {"using":"css selector","value":"input[name=\"cityName\"]"}
12:05:28.622 INFO - To downstream: {"sessionId":"baeabc83b71786fc7f409d4d15b76146","status":0,"value":{"ELEMENT":"0.5539667299921422-6"}}
12:05:28.625 INFO - Found handler: org.openqa.selenium.remote.server.ServicedSession@534c54d
12:05:28.626 INFO - Handler thread for session baeabc83b71786fc7f409d4d15b76146 (chrome): Executing POST on /session/baeabc83b71786fc7f409d4d15b76146/element/0.5539667299921422-6/clear (handler: ServicedSession)
12:05:28.627 INFO - To upstream: 
12:05:28.665 INFO - To downstream: {"sessionId":"baeabc83b71786fc7f409d4d15b76146","status":0,"value":null}
12:05:28.668 INFO - Found handler: org.openqa.selenium.remote.server.ServicedSession@534c54d
12:05:28.669 INFO - Handler thread for session baeabc83b71786fc7f409d4d15b76146 (chrome): Executing POST on /session/baeabc83b71786fc7f409d4d15b76146/element (handler: ServicedSession)
12:05:28.670 INFO - To upstream: {"using":"css selector","value":"input[name=\"cityName\"]"}
12:05:28.679 INFO - To downstream: {"sessionId":"baeabc83b71786fc7f409d4d15b76146","status":0,"value":{"ELEMENT":"0.5539667299921422-6"}}
12:05:28.682 INFO - Found handler: org.openqa.selenium.remote.server.ServicedSession@534c54d
12:05:28.683 INFO - Handler thread for session baeabc83b71786fc7f409d4d15b76146 (chrome): Executing POST on /session/baeabc83b71786fc7f409d4d15b76146/element/0.5539667299921422-6/value (handler: ServicedSession)
12:05:28.685 INFO - To upstream: {"value":["S","a","l","t"," ","L","a","k","e"," ","C","i","t","y"]}
12:05:28.892 INFO - To downstream: {"sessionId":"baeabc83b71786fc7f409d4d15b76146","status":0,"value":null}
12:05:28.895 INFO - Found handler: org.openqa.selenium.remote.server.ServicedSession@534c54d
12:05:28.896 INFO - Handler thread for session baeabc83b71786fc7f409d4d15b76146 (chrome): Executing POST on /session/baeabc83b71786fc7f409d4d15b76146/elements (handler: ServicedSession)
12:05:28.898 INFO - To upstream: {"using":"css selector","value":"input[name=\"cityName\"]"}
12:05:28.907 INFO - To downstream: {"sessionId":"baeabc83b71786fc7f409d4d15b76146","status":0,"value":[{"ELEMENT":"0.5539667299921422-6"}]}
12:05:28.912 INFO - Found handler: org.openqa.selenium.remote.server.ServicedSession@534c54d
12:05:28.913 INFO - Handler thread for session baeabc83b71786fc7f409d4d15b76146 (chrome): Executing GET on /session/baeabc83b71786fc7f409d4d15b76146/element/0.5539667299921422-6/attribute/value (handler: ServicedSession)
12:05:28.922 INFO - To downstream: {"sessionId":"baeabc83b71786fc7f409d4d15b76146","status":0,"value":"Salt Lake City"}
12:05:28.926 INFO - Found handler: org.openqa.selenium.remote.server.ServicedSession@534c54d
12:05:28.927 INFO - Handler thread for session baeabc83b71786fc7f409d4d15b76146 (chrome): Executing POST on /session/baeabc83b71786fc7f409d4d15b76146/element (handler: ServicedSession)
12:05:28.929 INFO - To upstream: {"using":"css selector","value":"button[class=\"wTwo-btn\"]"}
12:05:28.971 INFO - To downstream: {"sessionId":"baeabc83b71786fc7f409d4d15b76146","status":0,"value":{"ELEMENT":"0.5539667299921422-7"}}
12:05:28.974 INFO - Found handler: org.openqa.selenium.remote.server.ServicedSession@534c54d
12:05:28.974 INFO - Handler thread for session baeabc83b71786fc7f409d4d15b76146 (chrome): Executing POST on /session/baeabc83b71786fc7f409d4d15b76146/element/0.5539667299921422-7/click (handler: ServicedSession)
12:05:28.975 INFO - To upstream: 
12:05:29.071 INFO - To downstream: {"sessionId":"baeabc83b71786fc7f409d4d15b76146","status":0,"value":null}
12:05:29.076 INFO - Found handler: org.openqa.selenium.remote.server.ServicedSession@534c54d
12:05:29.076 INFO - Handler thread for session baeabc83b71786fc7f409d4d15b76146 (chrome): Executing POST on /session/baeabc83b71786fc7f409d4d15b76146/elements (handler: ServicedSession)
12:05:29.078 INFO - To upstream: {"using":"css selector","value":"p[name=\"whatPropText\"]"}
12:05:29.107 INFO - To downstream: {"sessionId":"baeabc83b71786fc7f409d4d15b76146","status":0,"value":[{"ELEMENT":"0.5539667299921422-8"}]}
12:05:29.110 INFO - Found handler: org.openqa.selenium.remote.server.ServicedSession@534c54d
12:05:29.110 INFO - Handler thread for session baeabc83b71786fc7f409d4d15b76146 (chrome): Executing GET on /session/baeabc83b71786fc7f409d4d15b76146/element/0.5539667299921422-8/displayed (handler: ServicedSession)
12:05:29.135 INFO - To downstream: {"sessionId":"baeabc83b71786fc7f409d4d15b76146","status":0,"value":true}
12:05:29.138 INFO - Found handler: org.openqa.selenium.remote.server.ServicedSession@534c54d
12:05:29.138 INFO - Handler thread for session baeabc83b71786fc7f409d4d15b76146 (chrome): Executing POST on /session/baeabc83b71786fc7f409d4d15b76146/element (handler: ServicedSession)
12:05:29.140 INFO - To upstream: {"using":"css selector","value":"button[name=\"primary\"]"}
12:05:29.181 INFO - To downstream: {"sessionId":"baeabc83b71786fc7f409d4d15b76146","status":0,"value":{"ELEMENT":"0.5539667299921422-9"}}
12:05:29.184 INFO - Found handler: org.openqa.selenium.remote.server.ServicedSession@534c54d
12:05:29.184 INFO - Handler thread for session baeabc83b71786fc7f409d4d15b76146 (chrome): Executing POST on /session/baeabc83b71786fc7f409d4d15b76146/element/0.5539667299921422-9/click (handler: ServicedSession)
12:05:29.185 INFO - To upstream: 
12:05:29.272 INFO - To downstream: {"sessionId":"baeabc83b71786fc7f409d4d15b76146","status":0,"value":null}
12:05:29.278 INFO - Found handler: org.openqa.selenium.remote.server.ServicedSession@534c54d
12:05:29.278 INFO - Handler thread for session baeabc83b71786fc7f409d4d15b76146 (chrome): Executing POST on /session/baeabc83b71786fc7f409d4d15b76146/elements (handler: ServicedSession)
12:05:29.280 INFO - To upstream: {"using":"css selector","value":"p[name=\"foundHomeText\"]"}
12:05:29.312 INFO - To downstream: {"sessionId":"baeabc83b71786fc7f409d4d15b76146","status":0,"value":[{"ELEMENT":"0.5539667299921422-10"}]}
12:05:29.315 INFO - Found handler: org.openqa.selenium.remote.server.ServicedSession@534c54d
12:05:29.315 INFO - Handler thread for session baeabc83b71786fc7f409d4d15b76146 (chrome): Executing GET on /session/baeabc83b71786fc7f409d4d15b76146/element/0.5539667299921422-10/displayed (handler: ServicedSession)
12:05:29.338 INFO - To downstream: {"sessionId":"baeabc83b71786fc7f409d4d15b76146","status":0,"value":true}
12:05:29.341 INFO - Found handler: org.openqa.selenium.remote.server.ServicedSession@534c54d
12:05:29.342 INFO - Handler thread for session baeabc83b71786fc7f409d4d15b76146 (chrome): Executing POST on /session/baeabc83b71786fc7f409d4d15b76146/element (handler: ServicedSession)
12:05:29.344 INFO - To upstream: {"using":"css selector","value":"button[name=\"yesFound\"]"}
12:05:29.381 INFO - To downstream: {"sessionId":"baeabc83b71786fc7f409d4d15b76146","status":0,"value":{"ELEMENT":"0.5539667299921422-11"}}
12:05:29.384 INFO - Found handler: org.openqa.selenium.remote.server.ServicedSession@534c54d
12:05:29.384 INFO - Handler thread for session baeabc83b71786fc7f409d4d15b76146 (chrome): Executing POST on /session/baeabc83b71786fc7f409d4d15b76146/element/0.5539667299921422-11/click (handler: ServicedSession)
12:05:29.385 INFO - To upstream: 
12:05:29.451 INFO - To downstream: {"sessionId":"baeabc83b71786fc7f409d4d15b76146","status":0,"value":null}
12:05:29.460 INFO - Found handler: org.openqa.selenium.remote.server.ServicedSession@534c54d
12:05:29.461 INFO - Handler thread for session baeabc83b71786fc7f409d4d15b76146 (chrome): Executing DELETE on /session/baeabc83b71786fc7f409d4d15b76146 (handler: ServicedSession)
12:05:29.513 INFO - To downstream: {"sessionId":"baeabc83b71786fc7f409d4d15b76146","status":0,"value":null}
12:05:29.517 INFO - Removing session org.openqa.selenium.remote.server.ServicedSession@534c54d
